TN:
SF:script/FundMeScript.s.sol
FN:8,FundMeScript.run
FNDA:0,FundMeScript.run
DA:9,0
DA:9,0
DA:10,0
DA:10,0
DA:10,0
DA:11,0
DA:11,0
DA:12,0
DA:12,0
FNF:1
FNH:0
LF:4
LH:0
BRF:0
BRH:0
end_of_record
TN:
SF:src/FundMe.sol
FN:20,FundMe.
FNDA:1,FundMe.
DA:21,1
DA:21,1
FN:24,FundMe.fund
FNDA:0,FundMe.fund
DA:25,0
DA:25,0
BRDA:25,0,0,-
BRDA:25,0,1,-
DA:27,0
DA:27,0
DA:28,0
DA:28,0
FN:31,FundMe.getVersion
FNDA:0,FundMe.getVersion
DA:32,0
DA:32,0
DA:32,0
DA:33,0
DA:33,0
DA:33,0
FN:36,FundMe.onlyOwner
FNDA:0,FundMe.onlyOwner
DA:38,0
DA:38,0
BRDA:38,1,0,-
BRDA:38,1,1,-
DA:38,0
FN:42,FundMe.withdraw
FNDA:0,FundMe.withdraw
DA:43,0
DA:43,0
DA:43,0
DA:43,0
DA:44,0
DA:44,0
DA:45,0
DA:45,0
DA:47,0
DA:47,0
DA:56,0
DA:56,0
DA:56,0
DA:57,0
DA:57,0
BRDA:57,2,0,-
BRDA:57,2,1,-
FN:71,FundMe.
FNDA:0,FundMe.
DA:72,0
DA:72,0
FNF:6
FNH:1
LF:14
LH:1
BRF:6
BRH:0
end_of_record
TN:
SF:src/PriceConverter.sol
FN:12,PriceConverter.getPrice
FNDA:0,PriceConverter.getPrice
DA:15,0
DA:15,0
DA:15,0
DA:18,0
DA:18,0
DA:18,0
DA:20,0
DA:20,0
DA:20,0
FN:24,PriceConverter.getConversionRate
FNDA:0,PriceConverter.getConversionRate
DA:27,0
DA:27,0
DA:27,0
DA:28,0
DA:28,0
DA:28,0
DA:30,0
DA:30,0
FNF:2
FNH:0
LF:6
LH:0
BRF:0
BRH:0
end_of_record
